<?xml version="1.0" encoding="UTF-8"?>
<testsuite xmlns:xsi="http://www.w3.org/2001/XMLSchema-instance" xsi:noNamespaceSchemaLocation="https://maven.apache.org/surefire/maven-surefire-plugin/xsd/surefire-test-report-3.0.xsd" version="3.0" name="DivinationClassTest" time="0.078" tests="4" errors="0" skipped="0" failures="0">
  <properties>
[...]
</properties>
  <testcase name="testIncorrectClassOutput" classname="DivinationClassTest" time="0.01"/>
  <testcase name="testCorrectPotionsClass" classname="DivinationClassTest" time="0.012">
    <system-out><![CDATA[

You have chosen to attend Diviniation class. Your teacher is Professor Trelawney. This class will use your cunning stat.


Today you are given a written exam to complete. You must answer the questions correctly to pass.

Are you ready to begin (yes/no) 


Great let's get started! 


Question number 1: What kind of animal brought Harry his first letter from Hogwarts? 
That is correct! Get ready for the next question.

Question number 2: What is the ability to talk to snakes called? 
That is correct! Get ready for the next question.

Question number 3: What broke Ron's car after he flew it to Hogwarts? 
That is correct! Get ready for the next question.

Question number 4: Which Tri-wizard tournament contestant died? 
That is correct! Get ready for the next question.

Question number 5: Who died at the Ministry of Magic offices? 
That is correct! Get ready for the next question.

Question number 6: Who killed Dumbledore? 
That is correct! Get ready for the next question.

Question number 7: Which deathly hollows is represented by a stick figure? 
Wrong answer. Better luck with the next question!

Congratulations! You have passed your written exam! You will gain a bonus of +1 to your cunning stat for the day.


]]></system-out>
  </testcase>
  <testcase name="testCorrectClassOutput" classname="DivinationClassTest" time="0.0"/>
  <testcase name="skipClass" classname="DivinationClassTest" time="0.0"/>
</testsuite>