<?xml version="1.0" encoding="UTF-8"?>
<testsuite xmlns:xsi="http://www.w3.org/2001/XMLSchema-instance" xsi:noNamespaceSchemaLocation="https://maven.apache.org/surefire/maven-surefire-plugin/xsd/surefire-test-report-3.0.xsd" version="3.0" name="PotionsClassTest" time="0.018" tests="5" errors="0" skipped="0" failures="0">
  <properties>
[...]
</properties>
  <testcase name="testCorrectClassOutput" classname="PotionsClassTest" time="0.0"/>
  <testcase name="testIncorrrectPotionsInput" classname="PotionsClassTest" time="0.0"/>
  <testcase name="testCorrrectPotionsClass" classname="PotionsClassTest" time="0.008">
    <system-out><![CDATA[

You have chosen to attend Potions class. Your teacher is Professor Snape. This class will use your intelligence stat.


You have been given a potion to brew. You must follow the instructions carefully to brew the potion correctly.


In order to brew the potions correctly you must correctly type the following words within the allotted time frame. If you do not type the words correctly within the time frame you will fail the potion and not gain any benefits for the day.


Are you ready to begin (yes/no) 


Great let's get started! 


wingardium

Correct! You have successfully typed the ingredient

leviosa

Correct! You have successfully typed the ingredient

alohomora

Correct! You have successfully typed the ingredient

expelliarmus

Correct! You have successfully typed the ingredient

lumos

Correct! You have successfully typed the ingredient

nox

Correct! You have successfully typed the ingredient

accio

Correct! You have successfully typed the ingredient

expecto

Correct! You have successfully typed the ingredient

patronum

Correct! You have successfully typed the ingredient

stupefy

Correct! You have successfully typed the ingredient

Congratulations! You have successfully brewed the potion. You will gain a bonus of +1 to your intelligence stat for the day.


]]></system-out>
  </testcase>
  <testcase name="testNoFirstPrompt" classname="PotionsClassTest" time="0.008">
    <system-out><![CDATA[

You have chosen to attend Potions class. Your teacher is Professor Snape. This class will use your intelligence stat.


You have been given a potion to brew. You must follow the instructions carefully to brew the potion correctly.


In order to brew the potions correctly you must correctly type the following words within the allotted time frame. If you do not type the words correctly within the time frame you will fail the potion and not gain any benefits for the day.


Are you ready to begin (yes/no) 


You have chosen to skip class for today, which would result in no stat bonus. If you'd rather continue type yes 


Great let's get started! 


wingardium

Correct! You have successfully typed the ingredient

leviosa

Correct! You have successfully typed the ingredient

alohomora

Correct! You have successfully typed the ingredient

expelliarmus

Correct! You have successfully typed the ingredient

lumos

Correct! You have successfully typed the ingredient

nox

Correct! You have successfully typed the ingredient

accio

Correct! You have successfully typed the ingredient

expecto

Correct! You have successfully typed the ingredient

patronum

Correct! You have successfully typed the ingredient

stupefy

Correct! You have successfully typed the ingredient

Congratulations! You have successfully brewed the potion. You will gain a bonus of +1 to your intelligence stat for the day.


]]></system-out>
  </testcase>
  <testcase name="skipClass" classname="PotionsClassTest" time="0.0"/>
</testsuite>